Using pre-set license
Built from '2020.3/staging' branch; Version is '2020.3.4f1 (0abb6314276a) revision 703331'; Using compiler version '192528614'; Build Type 'Release'
OS: 'Windows 10 Home; OS build 19042.928; Version 2009; 64bit' Language: 'fr' Physical Memory: 16250 MB
BatchMode: 1, IsHumanControllingUs: 0, StartBugReporterOnCrash: 0, Is64bit: 1, IsPro: 0

 COMMAND LINE ARGUMENTS:
C:\Program Files\Unity\Hub\Editor\2020.3.4f1\Editor\Unity.exe
-adb2
-batchMode
-noUpm
-name
AssetImportWorker0
-projectPath
C:/Git/FRUITS-AR/fruit_standard
-logFile
Logs/AssetImportWorker0.log
-srvPort
60337
Successfully changed project path to: C:/Git/FRUITS-AR/fruit_standard
C:/Git/FRUITS-AR/fruit_standard
Using Asset Import Pipeline V2.
Refreshing native plugins compatible for Editor in 44.88 ms, found 1 plugins.
Preloading 0 native plugins for Editor in 0.00 ms.
Initialize engine version: 2020.3.4f1 (0abb6314276a)
[Subsystems] Discovering subsystems at path C:/Program Files/Unity/Hub/Editor/2020.3.4f1/Editor/Data/Resources/UnitySubsystems
[Subsystems] Discovering subsystems at path C:/Git/FRUITS-AR/fruit_standard/Assets
GfxDevice: creating device client; threaded=0
Direct3D:
    Version:  Direct3D 11.0 [level 11.1]
    Renderer: NVIDIA GeForce GTX 1050 Ti (ID=0x1c8c)
    Vendor:   
    VRAM:     4018 MB
    Driver:   27.21.14.5771
Initialize mono
Mono path[0] = 'C:/Program Files/Unity/Hub/Editor/2020.3.4f1/Editor/Data/Managed'
Mono path[1] = 'C:/Program Files/Unity/Hub/Editor/2020.3.4f1/Editor/Data/MonoBleedingEdge/lib/mono/unityjit'
Mono config path = 'C:/Program Files/Unity/Hub/Editor/2020.3.4f1/Editor/Data/MonoBleedingEdge/etc'
Using monoOptions --debugger-agent=transport=dt_socket,embedding=1,server=y,suspend=n,address=127.0.0.1:56056
Begin MonoManager ReloadAssembly
Registering precompiled unity dll's ...
Register platform support module: C:/Program Files/Unity/Hub/Editor/2020.3.4f1/Editor/Data/PlaybackEngines/WebGLSupport/UnityEditor.WebGL.Extensions.dll
Register platform support module: C:/Program Files/Unity/Hub/Editor/2020.3.4f1/Editor/Data/PlaybackEngines/WindowsStandaloneSupport/UnityEditor.WindowsStandalone.Extensions.dll
Registered in 0.004189 seconds.
Native extension for WindowsStandalone target not found
Native extension for WebGL target not found
Refreshing native plugins compatible for Editor in 46.93 ms, found 1 plugins.
Preloading 0 native plugins for Editor in 0.00 ms.
Mono: successfully reloaded assembly
- Completed reload, in  2.631 seconds
Platform modules already initialized, skipping
Registering precompiled user dll's ...
Registered in 0.001199 seconds.
Begin MonoManager ReloadAssembly
Native extension for WindowsStandalone target not found
Native extension for WebGL target not found
Refreshing native plugins compatible for Editor in 0.47 ms, found 1 plugins.
Preloading 0 native plugins for Editor in 0.00 ms.
Mono: successfully reloaded assembly
- Completed reload, in  1.138 seconds
Platform modules already initialized, skipping
========================================================================
Worker process is ready to serve import requests
Launched and connected shader compiler UnityShaderCompiler.exe after 0.06 seconds
Refreshing native plugins compatible for Editor in 0.38 ms, found 1 plugins.
Preloading 0 native plugins for Editor in 0.00 ms.
Unloading 1218 Unused Serialized files (Serialized files now loaded: 0)
System memory in use before: 139.6 MB.
System memory in use after: 139.7 MB.

Unloading 24 unused Assets to reduce memory usage. Loaded Objects now: 1661.
Total: 2.107400 ms (FindLiveObjects: 0.247400 ms CreateObjectMapping: 0.138000 ms MarkObjects: 1.638100 ms  DeleteObjects: 0.082300 ms)

========================================================================
Received Import Request.
  path: Assets/Zappar/Resources/Prefabs/Zappar Full Head Model.prefab
  artifactKey: Guid(d5039531f7e6d4619b7798b8b9a8c7b5) Importer(815301076,1909f56bfc062723c751e8b465ee728b)
Start importing Assets/Zappar/Resources/Prefabs/Zappar Full Head Model.prefab using Guid(d5039531f7e6d4619b7798b8b9a8c7b5) Importer(815301076,1909f56bfc062723c751e8b465ee728b)  -> (artifact id: '81b03f69381b7e5c83bf92478a354d66') in 0.067606 seconds
  Import took 0.070256 seconds .

========================================================================
Received Import Request.
  Time since last request: 0.000585 seconds.
  path: Assets/Zappar/Resources/Prefabs/Zappar Face Tracker.prefab
  artifactKey: Guid(f52b206459a8a4e32bee455da09b1a09) Importer(815301076,1909f56bfc062723c751e8b465ee728b)
Start importing Assets/Zappar/Resources/Prefabs/Zappar Face Tracker.prefab using Guid(f52b206459a8a4e32bee455da09b1a09) Importer(815301076,1909f56bfc062723c751e8b465ee728b)  -> (artifact id: '829b429e9826fc1d7e5fa3d380e1901c') in 0.018083 seconds
  Import took 0.020526 seconds .

========================================================================
Received Import Request.
  Time since last request: 0.000178 seconds.
  path: Assets/Zappar/Resources/Prefabs/Zappar Camera Rear.prefab
  artifactKey: Guid(159c58155e4b944e7973499b8bd6a7fa) Importer(815301076,1909f56bfc062723c751e8b465ee728b)
Start importing Assets/Zappar/Resources/Prefabs/Zappar Camera Rear.prefab using Guid(159c58155e4b944e7973499b8bd6a7fa) Importer(815301076,1909f56bfc062723c751e8b465ee728b)  -> (artifact id: '5c85df3ab5922e5bddb63063ae8f43c1') in 0.009366 seconds
  Import took 0.011362 seconds .

========================================================================
Received Import Request.
  Time since last request: 0.000175 seconds.
  path: Assets/Zappar/Resources/Prefabs/Zappar Image Tracker.prefab
  artifactKey: Guid(ee004b2beb29646d1bca329aa8841019) Importer(815301076,1909f56bfc062723c751e8b465ee728b)
Start importing Assets/Zappar/Resources/Prefabs/Zappar Image Tracker.prefab using Guid(ee004b2beb29646d1bca329aa8841019) Importer(815301076,1909f56bfc062723c751e8b465ee728b)  -> (artifact id: '11b98083b1b436fba15e9f893f5d5b5c') in 0.011185 seconds
  Import took 0.013021 seconds .

========================================================================
Received Import Request.
  Time since last request: 0.000166 seconds.
  path: Assets/Zappar/Resources/Prefabs/Zappar Instant Tracker.prefab
  artifactKey: Guid(b358333932a794ad5bdf5b1a48b11974) Importer(815301076,1909f56bfc062723c751e8b465ee728b)
Start importing Assets/Zappar/Resources/Prefabs/Zappar Instant Tracker.prefab using Guid(b358333932a794ad5bdf5b1a48b11974) Importer(815301076,1909f56bfc062723c751e8b465ee728b)  -> (artifact id: '40d9a990bcb430a3048f34f564c68eda') in 0.009511 seconds
  Import took 0.011583 seconds .

========================================================================
Received Import Request.
  Time since last request: 0.000209 seconds.
  path: Assets/Zappar/Resources/Prefabs/Zappar Face Depth Mask.prefab
  artifactKey: Guid(904c32b7d769040be945f6ff2ed707be) Importer(815301076,1909f56bfc062723c751e8b465ee728b)
Start importing Assets/Zappar/Resources/Prefabs/Zappar Face Depth Mask.prefab using Guid(904c32b7d769040be945f6ff2ed707be) Importer(815301076,1909f56bfc062723c751e8b465ee728b)  -> (artifact id: '9d16cd2fb976cd8d3020f98812af7d15') in 0.007051 seconds
  Import took 0.009181 seconds .

========================================================================
Received Import Request.
  Time since last request: 0.000180 seconds.
  path: Assets/Zappar/Resources/Prefabs/Zappar Face Mesh.prefab
  artifactKey: Guid(1e36083a0a38c4fe6a6f7b8539e54c75) Importer(815301076,1909f56bfc062723c751e8b465ee728b)
Start importing Assets/Zappar/Resources/Prefabs/Zappar Face Mesh.prefab using Guid(1e36083a0a38c4fe6a6f7b8539e54c75) Importer(815301076,1909f56bfc062723c751e8b465ee728b)  -> (artifact id: 'baafa1d94e50526d1b535d37fa7cdc01') in 0.008581 seconds
  Import took 0.010508 seconds .

========================================================================
Received Import Request.
  Time since last request: 0.000170 seconds.
  path: Assets/Zappar/Resources/Prefabs/Zappar Camera User.prefab
  artifactKey: Guid(f7fa0a82195b9424f8e067ef9a2f61b1) Importer(815301076,1909f56bfc062723c751e8b465ee728b)
Start importing Assets/Zappar/Resources/Prefabs/Zappar Camera User.prefab using Guid(f7fa0a82195b9424f8e067ef9a2f61b1) Importer(815301076,1909f56bfc062723c751e8b465ee728b)  -> (artifact id: '8e2c399db9ade0d89b4156e9dcaf8860') in 0.007138 seconds
  Import took 0.009000 seconds .

========================================================================
Received Prepare
Refreshing native plugins compatible for Editor in 6.02 ms, found 1 plugins.
Preloading 0 native plugins for Editor in 0.00 ms.
Unloading 17 Unused Serialized files (Serialized files now loaded: 0)
System memory in use before: 115.4 MB.
System memory in use after: 115.5 MB.

Unloading 17 unused Assets to reduce memory usage. Loaded Objects now: 1661.
Total: 2.188600 ms (FindLiveObjects: 0.181700 ms CreateObjectMapping: 0.041600 ms MarkObjects: 1.947100 ms  DeleteObjects: 0.017100 ms)

========================================================================
Received Prepare
Refreshing native plugins compatible for Editor in 6.85 ms, found 1 plugins.
Preloading 0 native plugins for Editor in 0.00 ms.
Unloading 17 Unused Serialized files (Serialized files now loaded: 0)
System memory in use before: 115.4 MB.
System memory in use after: 115.5 MB.

Unloading 17 unused Assets to reduce memory usage. Loaded Objects now: 1661.
Total: 4.381500 ms (FindLiveObjects: 0.251900 ms CreateObjectMapping: 0.098700 ms MarkObjects: 4.010900 ms  DeleteObjects: 0.017900 ms)

========================================================================
Received Prepare
Refreshing native plugins compatible for Editor in 7.81 ms, found 1 plugins.
Preloading 0 native plugins for Editor in 0.00 ms.
Unloading 17 Unused Serialized files (Serialized files now loaded: 0)
System memory in use before: 115.4 MB.
System memory in use after: 115.5 MB.

Unloading 17 unused Assets to reduce memory usage. Loaded Objects now: 1661.
Total: 4.467300 ms (FindLiveObjects: 0.230500 ms CreateObjectMapping: 0.057800 ms MarkObjects: 4.140600 ms  DeleteObjects: 0.035300 ms)

========================================================================
Received Prepare
Refreshing native plugins compatible for Editor in 4.68 ms, found 1 plugins.
Preloading 0 native plugins for Editor in 0.00 ms.
Unloading 17 Unused Serialized files (Serialized files now loaded: 0)
System memory in use before: 115.4 MB.
System memory in use after: 115.5 MB.

Unloading 17 unused Assets to reduce memory usage. Loaded Objects now: 1661.
Total: 3.012800 ms (FindLiveObjects: 0.399200 ms CreateObjectMapping: 0.075800 ms MarkObjects: 2.516400 ms  DeleteObjects: 0.019600 ms)

========================================================================
Received Prepare
Refreshing native plugins compatible for Editor in 5.40 ms, found 1 plugins.
Preloading 0 native plugins for Editor in 0.00 ms.
Unloading 17 Unused Serialized files (Serialized files now loaded: 0)
System memory in use before: 115.4 MB.
System memory in use after: 115.5 MB.

Unloading 17 unused Assets to reduce memory usage. Loaded Objects now: 1661.
Total: 4.369300 ms (FindLiveObjects: 0.242700 ms CreateObjectMapping: 0.063500 ms MarkObjects: 4.042700 ms  DeleteObjects: 0.018100 ms)

========================================================================
Received Prepare
Refreshing native plugins compatible for Editor in 5.28 ms, found 1 plugins.
Preloading 0 native plugins for Editor in 0.00 ms.
Unloading 17 Unused Serialized files (Serialized files now loaded: 0)
System memory in use before: 115.4 MB.
System memory in use after: 115.5 MB.

Unloading 17 unused Assets to reduce memory usage. Loaded Objects now: 1661.
Total: 2.210900 ms (FindLiveObjects: 0.327600 ms CreateObjectMapping: 0.085800 ms MarkObjects: 1.780000 ms  DeleteObjects: 0.015600 ms)

========================================================================
Received Prepare
Refreshing native plugins compatible for Editor in 5.32 ms, found 1 plugins.
Preloading 0 native plugins for Editor in 0.00 ms.
Unloading 17 Unused Serialized files (Serialized files now loaded: 0)
System memory in use before: 115.4 MB.
System memory in use after: 115.5 MB.

Unloading 17 unused Assets to reduce memory usage. Loaded Objects now: 1661.
Total: 2.397900 ms (FindLiveObjects: 0.135500 ms CreateObjectMapping: 0.060800 ms MarkObjects: 2.175800 ms  DeleteObjects: 0.024200 ms)

AssetImportWorkerClient::OnTransportError - code=2 error=End of file
